<?xml version="1.0" encoding="UTF-8"?>
<testsuite name="com.cs361.aff39.ConcurrentLinkedListTest" tests="8" skipped="0" failures="0" errors="0" timestamp="2018-06-07T04:25:09" hostname="DESKTOP-RL4QON4" time="0.013">
  <properties/>
  <testcase name="addFrontAndTailTest" classname="com.cs361.aff39.ConcurrentLinkedListTest" time="0.01"/>
  <testcase name="emptyIteratorTest" classname="com.cs361.aff39.ConcurrentLinkedListTest" time="0.0"/>
  <testcase name="insertMultipleTest" classname="com.cs361.aff39.ConcurrentLinkedListTest" time="0.001"/>
  <testcase name="deleteTest" classname="com.cs361.aff39.ConcurrentLinkedListTest" time="0.0"/>
  <testcase name="addFrontTest" classname="com.cs361.aff39.ConcurrentLinkedListTest" time="0.0"/>
  <testcase name="addTailTest" classname="com.cs361.aff39.ConcurrentLinkedListTest" time="0.0"/>
  <testcase name="containsTest" classname="com.cs361.aff39.ConcurrentLinkedListTest" time="0.001"/>
  <testcase name="insertTest" classname="com.cs361.aff39.ConcurrentLinkedListTest" time="0.0"/>
  <system-out><![CDATA[]]></system-out>
  <system-err><![CDATA[]]></system-err>
</testsuite>
